25 167 110 4 299 210 193 56 38 113 172 222 254 268 191 22 269 70 291 20 115 67 251 135 247 2
21 168 8 286 62 150 44 166 128 122 86 109 190 118 45 264 66 120 186 69 9 175
25 34 88 24 13 144 267 53 32 40 185 3 61 114 93 81 199 31 55 280 17 231 270 178 52 165
22 99 72 220 227 187 57 232 29 64 26 170 147 90 139 255 51 192 100 47 46 77 183
18 108 134 92 225 261 226 277 284 158 195 76 83 238 289 297 229 293 169
18 54 80 133 107 79 230 28 202 236 197 42 124 250 142 30 194 153 132
19 184 7 161 137 171 129 91 102 14 243 140 235 35 182 43 279 189 211 130
17 216 246 276 218 263 19 188 244 295 177 6 25 219 145 126 123 149
16 275 103 127 105 245 174 239 253 23 283 248 266 252 97 278 274
14 180 294 58 74 21 241 82 298 48 119 292 176 37 173
14 87 159 95 198 281 157 258 237 101 181 152 262 240 49
14 41 162 136 273 200 39 217 207 73 287 78 215 143 151
12 164 148 260 125 224 204 209 131 265 288 94 257
11 116 203 18 96 146 117 5 223 59 233 84
10 0 75 15 63 214 68 89 138 104 272
11 296 259 290 60 282 121 27 201 106 228 1
8 212 285 50 11 16 141 256 208
7 85 156 111 10 205 12 206
6 249 213 163 98 155 154
3 271 160 242
2 112 71
1 196
0
0
0
0
0
0
0
0
0
0
0
0
0
0
0
0
0
0
0
0
0
0
0
0
0
0
0
0
0
0
0
0
0
0
0
0
0
0
0
0
0
0
0
0
0
0
0
0
0
0
0
0
0
0
0
0
0
0
0
0
0
0
0
0
0
0
0
0
0
0
0
0
0
0
0
0
0
0
