34 3156 445 8630 5113 3572 8382 9254 32 169 6570 4724 7207 342 1774 338 1796 6803 9425 621 358 3933 1039 4596 7740 4519 1669 2833 6635 9717 7131 3724 136 5543 2671
31 303 7318 190 2106 4665 5090 483 1465 5751 8378 1620 4653 4642 1897 3065 3495 682 9039 5194 62 725 4616 791 8858 9646 1826 3093 3892 4103 8648 4374
30 4839 1815 6135 9544 8351 6069 8236 896 6971 6188 9720 7120 5473 6799 239 8628 6923 8583 827 5765 3479 6383 5337 9260 5922 4126 7896 5458 5253 3346
32 4094 7952 2296 7320 4833 6765 2934 8112 2578 8243 4895 5289 8225 3606 6939 5308 4663 104 1224 521 5574 8733 7159 3814 4083 7905 7026 7424 1841 1418 7404 4077
29 5497 2576 1993 1492 945 530 4225 9164 2060 8555 2275 8075 4282 4002 9671 293 3483 1828 7360 903 5297 2574 3260 2598 5413 3400 9827 6479 5179
32 1335 3457 3527 6110 9851 7249 4733 6048 3958 159 3373 1912 5901 6519 918 3159 6811 9969 2988 520 2232 9107 3803 5641 7664 2974 6998 5388 679 5318 1019 142
29 3580 7293 1438 4885 4184 3200 9314 7759 1189 1257 9992 779 7701 3009 1340 5360 8896 7738 4816 838 9125 9426 145 844 9 4897 6210 8710 8069
32 8703 1664 8271 8024 5890 5205 1200 4020 4171 1613 1475 6393 8799 6201 527 663 5093 250 7622 6254 4037 8635 650 491 1278 9446 6052 2286 675 5916 6390 5798
27 1138 9020 6654 5744 9627 8146 3616 4659 3364 8686 8801 501 4843 6574 812 1449 6162 2803 1520 8924 3003 8313 9095 4 8517 5606 4041
29 4059 268 8149 9852 8978 8133 7190 8642 775 7837 1220 9226 9362 9139 3053 3939 6030 3332 7212 3177 8208 4391 1482 258 2656 778 7161 5467 1972
29 1992 9698 3236 3951 9401 7975 6710 6438 2696 7171 3675 6677 1123 1387 2634 1750 8889 3382 3089 6369 2014 5932 4408 469 4927 8396 4553 3380 1038
26 4377 1528 6780 3329 6296 1830 7685 225 9846 3622 4767 7763 1534 2039 9629 6738 1711 6980 237 5691 1184 9223 3227 2864 5720 2202
26 2949 7640 6794 9768 2147 3972 5601 3513 462 8229 9219 7645 8025 9651 7661 2419 1917 5145 7055 4791 317 5436 6257 9517 5275 8238
30 606 9888 920 3743 6150 4848 9757 3051 8167 2072 4031 7493 8826 2390 6122 7365 27 2081 2306 7827 5129 308 4257 2157 6881 327 3994 5726 9759 7814
27 3444 1978 6656 6457 1635 9267 533 2651 5766 7118 3133 9623 9513 728 8539 9510 760 3164 2146 882 7885 9767 8385 9560 3408 7992 4185
24 7429 6456 4414 9412 3017 376 5713 6098 8444 9015 3377 7321 370 9111 1451 9839 8408 7902 4516 9169 4522 6789 8527 4193
27 8292 3471 6044 5510 4349 3840 7692 8190 4969 1799 9838 5442 3251 3233 3961 5522 9188 1498 1742 2716 5667 3677 6546 5923 3690 6453 4308
25 4435 3333 5358 3024 4761 8989 823 4958 4328 550 9421 473 5367 5906 4655 2891 5079 6097 8145 7269 6627 9241 472 9117 8138
24 9084 9935 9691 4080 378 4034 3203 4247 9303 1771 1345 9112 2662 6169 5200 7067 5028 1954 1617 7618 1148 9589 6016 5571
26 8518 6694 6404 4437 200 975 9625 6024 5087 3790 3463 4825 6008 6734 3704 9236 6826 4413 6950 6876 7748 8488 8255 1318 3954 7008
25 5018 7399 8509 7553 6265 8085 9202 7134 5465 2082 3877 8343 5849 9866 4847 7868 3467 468 8026 6343 7880 738 5058 6748 6626
23 6807 7229 7329 8448 3112 8671 6698 7569 8023 1800 8591 7999 1057 7322 1687 8466 9777 4380 6986 2423 9214 9638 7349
21 9913 497 1349 1101 7915 6987 5306 4365 1078 7958 4835 5231 2472 1600 7717 6147 3039 5964 4145 2704 6273
27 5299 9581 19 5517 3375 7253 9466 5899 8664 4167 9022 3123 3016 5525 2688 878 2761 4253 9036 99 8867 977 2475 9937 8556 4795 3664
26 9675 1447 7104 1995 119 8059 1079 1441 2675 6746 196 5143 5184 6332 668 4889 9728 7491 6449 8205 540 9014 2456 4510 6539 8384
28 1209 6115 8204 3257 6875 565 3398 8118 1494 5861 1589 2141 8261 6833 9224 9194 9060 6370 2058 3219 5252 8391 8482 7772 5280 632 5144 8321
24 6783 9216 6269 2788 1313 5668 1557 4021 156 2184 893 3267 5689 1502 1996 7254 5403 8899 4179 8657 8580 7408 7904 8607
25 5192 6952 2774 8736 8699 6547 986 5576 5967 4981 3753 1402 5243 8283 9327 7656 7550 3937 7324 7454 8380 9936 3448 2847 2615
17 2920 3988 8578 4302 5208 6625 9886 4289 505 6284 4313 2435 1802 7409 6585 7533 7157
26 84 157 9901 7198 6410 1503 4914 1565 523 2893 575 9988 8855 7098 4395 2111 6929 6275 3285 2161 7469 1287 3518 2449 343 6371
27 4379 8587 400 6711 5719 1845 1511 2108 9370 2366 7266 9292 3052 4801 8181 8643 6957 3037 8144 2391 8729 1588 4769 2064 4160 9970 8100
23 677 4214 5227 6304 9805 1240 8128 9068 7576 1944 3772 5172 4970 2996 7543 8720 4306 8056 3091 6118 4506 3229 5549
27 2432 5424 585 5402 1593 7585 7557 3047 6182 4713 2453 7366 2737 916 6977 6054 337 8514 1112 602 6973 6664 9616 9555 3713 664 5244
28 5445 297 2531 8557 627 3067 8370 3445 8191 1422 3394 4104 1980 8693 183 7272 4822 1241 2588 8579 7369 1026 8 2059 3804 1139 1662 234
27 1305 9523 3025 610 3005 7357 5282 7442 2999 6132 9526 9319 2078 744 5870 1717 904 5013 228 4508 8696 6979 1522 6981 2909 226 3762
24 8329 4687 1372 9974 9965 2056 6023 9952 6067 8901 4128 4429 4345 5530 5038 8418 6108 3357 5737 6731 9432 953 710 6285
24 769 1888 61 3410 7993 4935 3603 6575 6399 4206 76 5417 970 786 3360 8465 8853 2446 8223 9585 5455 395 242 4383
26 6901 8342 3197 271 4980 8219 6402 553 6379 7823 1834 7217 8247 8439 5706 4304 8011 5246 1231 3095 4976 3023 4350 6271 3526 7568
27 7070 2356 7911 6735 3411 4028 6026 921 4677 2402 1041 1920 1672 1856 8660 9857 38 8109 866 4669 4226 1585 4904 4911 914 6022 7834
26 3253 3168 2784 5049 3544 6119 300 2110 7422 7920 6138 8993 6025 2682 9102 6232 8983 7022 555 349 9162 269 6354 4473 1881 6153
19 700 4829 6596 3925 2159 6020 2351 3401 9093 2744 2266 9340 2193 9814 6637 4813 8087 1375 3899
23 3607 8406 6189 328 8832 2783 7438 7555 3859 6839 5262 3686 8438 2590 5680 1162 7963 5509 5581 1467 36 8718 7307
21 9393 3103 6418 2123 825 7710 3435 629 3146 4072 3316 4136 4276 6324 1243 6259 5475 5736 9986 7954 6976
21 1178 4017 9505 1271 2601 9778 9213 3489 8314 8135 3953 9016 2562 4743 721 6788 5490 6249 2019 8905 1636
25 1315 7141 2603 9996 7430 9042 2217 1311 147 6562 1047 8143 7741 5802 3155 179 2001 5239 3162 5057 2294 5633 3517 6934 390
25 1543 2278 1609 6053 6338 956 656 9610 7041 8694 138 4772 4232 7418 2236 2018 6071 5624 8570 9997 5728 3535 8862 7617 1207
27 7475 4894 2507 8484 7230 4794 8803 7092 853 8737 8631 2910 2151 2244 9395 7616 1578 1032 7495 5447 2672 2703 4162 6151 3929 6623 8908
26 1066 222 8559 6139 5856 7465 417 208 1346 3735 7525 9270 456 2552 8233 2932 4831 4574 6962 5800 1536 4702 6266 2623 9739 3172
25 4309 2986 6913 1674 9078 3739 6784 7103 1193 2829 7004 9152 2285 2668 2532 414 6341 6195 1728 2870 1390 6384 8669 4116 667
28 88 9305 2166 4910 3188 9549 6076 1725 599 7900 4654 9722 7860 4258 4336 2778 6040 4382 4466 7158 3460 5015 9063 6968 6844 471 8893 6300
27 8175 7928 8262 4648 6003 950 6101 9035 5193 2907 5794 9774 997 223 2971 1196 9352 1122 1806 9692 6837 8634 5946 5644 9531 8349 5817
27 2571 6724 5727 4112 3830 3605 8155 1968 6476 8644 3157 7490 7650 1932 1965 5605 4603 2743 5236 8478 7305 2631 7959 5935 9391 7615 8723
22 2917 4984 6239 57 9538 7263 8996 2439 3625 1132 5827 1657 9662 3309 7523 6224 5492 8404 451 8552 3277 4197
18 4679 7816 9817 852 3487 4423 3342 4385 1125 113 450 2569 6941 4676 6194 6819 9522 7241
19 7913 8795 8367 9561 2107 5201 216 5548 2913 8531 6497 2328 1556 3320 5209 2125 9787 2049 1898
31 1867 3546 9347 9306 8784 9654 753 6639 1862 2292 5998 7647 282 6858 2348 7504 2380 6472 3744 8457 7313 1291 7697 911 2158 1366 4909 1136 6918 4509 749
24 3869 394 7471 6206 4153 8856 92 6805 8956 1176 8767 8246 5611 9050 3678 7910 6812 5197 1616 1312 4457 4402 3265 4315
26 273 3294 8435 8203 5887 8955 7477 9133 8945 6571 2805 6620 4334 8912 359 7308 3831 981 2877 3243 6088 2277 5157 7820 9794 2145
25 5693 5948 7314 856 9134 3418 6237 463 9934 618 8009 7619 3538 2476 577 7694 6440 9414 5251 3944 9797 3094 7974 4275 750
27 4637 8787 6123 3821 7554 7494 772 5809 9433 7148 3699 7802 4478 2542 9310 9900 3352 8709 2028 810 6175 5839 6568 7955 8541 1579 8716
21 9976 8711 7712 2935 2231 385 841 6758 3888 9904 3509 345 6428 3876 4860 4367 898 1698 9786 2321 5707
19 9514 6228 666 4907 9038 6920 5976 9930 1409 9907 4131 2798 9105 7563 5515 1974 5666 5176 6492
22 2519 2436 3129 7243 7934 617 5866 7445 7234 4111 1592 5730 8821 2303 3209 2302 8810 9760 447 6685 1837 7204
27 6916 734 4693 4455 2566 6742 6244 1480 5907 9968 8212 122 6874 8161 9053 5528 6797 8064 8153 4688 9371 5342 4606 6487 4271 4545 3349
24 7957 109 9274 6922 381 8445 2385 3531 1710 8134 5464 405 9335 2214 4527 2047 8456 5871 5869 2083 5121 2342 2298 9650
25 2135 9733 2538 206 6220 6216 6172 1568 7065 2777 3788 2800 8037 8533 1762 2871 5826 6318 3715 9323 8424 195 9417 2252 4296
20 3549 6424 5387 277 854 422 7693 3584 93 2129 7417 43 8812 5997 6891 9667 7423 9793 4991 1216
19 1515 5721 1386 100 9429 1160 3425 65 683 3222 6565 1033 2428 7703 1440 3766 4412 6158 5084
28 1273 3281 4428 7677 9869 8614 3468 175 1309 2234 3077 9397 3130 6504 6471 4954 4619 1571 1943 8381 528 3604 9622 9332 9056 6723 5819 7950
27 961 9670 1984 6307 4502 7690 942 3770 6579 1752 9141 3436 6730 1031 5520 824 2085 9578 7094 7258 9468 4161 3529 2354 2752 6795 9854
24 3055 6361 7319 211 6902 3314 6864 9114 7237 4549 2190 1469 1839 6395 6549 3363 158 7706 4610 2120 8417 3059 6933 706
21 9003 7862 1111 3190 64 1864 6248 7594 1967 6873 2016 305 7420 6887 999 8836 5344 5505 6632 49 797
18 7657 6804 1267 6293 934 6041 6888 7707 9153 2484 5135 1766 964 7386 1481 8701 6465 8572
22 6412 1054 3585 5234 102 2661 1109 8869 7609 8616 9929 4727 4431 9715 8483 1544 2372 8927 2038 1157 4760 2253
24 7965 3371 7768 7572 511 6222 8072 6165 1597 8121 1434 6915 9695 5152 4814 9157 1812 5677 2683 1576 4978 868 8744 4983
26 117 489 5654 9559 8868 3057 5853 444 7931 724 1783 2284 851 6001 4849 4933 809 6142 8140 5104 6421 4272 593 796 5072 58
26 6822 5716 2838 6004 6327 992 9842 4327 7048 2622 8551 9205 3262 6131 9344 8287 8651 1070 8500 9221 6496 3390 5024 8185 5035 2165
25 4307 9137 1869 3632 8681 1215 8782 2393 4515 2614 3573 9554 4369 870 1816 2365 6372 30 28 6432 5533 3488 5508 220 3224
16 2735 3654 7962 114 9453 4168 7774 2517 6528 6860 1044 3180 82 4023 3941 3110
28 6695 4346 3692 3758 5025 3816 7884 9564 8585 6120 2332 9278 8873 963 7333 3794 2066 1373 8944 1362 7991 705 2976 5364 8558 8499 1185 8850
27 4742 24 3245 5089 41 9680 4704 704 4792 3646 9031 6642 6982 9939 9175 1237 4827 1656 8794 4030 2863 5671 8487 1927 2987 8044 6995
27 5440 6849 4233 3786 1986 1627 4593 9156 4866 7654 9508 4591 6387 6337 7306 6835 941 5153 4780 2149 3551 6334 4097 4570 8523 2890 900
25 2465 9550 5628 7988 15 3340 6816 2062 2892 9801 7887 9982 1743 373 1719 2063 2844 8920 8735 1395 3255 3128 3412 6011 7395
25 1757 3540 3976 6718 4973 8529 3122 9729 355 5523 6983 545 487 4398 3979 7340 6628 77 4254 822 4149 3327 5002 4269 5745
25 4071 8489 2357 3426 3795 4115 4544 4355 6757 6218 7341 9779 232 1357 7551 6736 3374 3166 6126 4176 5204 3844 5974 8581 548
27 7499 3555 1090 4507 7994 1745 649 8864 4821 4279 173 6149 5132 4089 7107 6100 7452 8680 5833 4199 4993 3344 3026 4324 1691 4399 8543
16 8890 2368 9367 8776 9603 7213 829 1303 6990 8168 68 1909 7350 6775 2625 2786
25 672 3564 8104 7373 3270 3778 6121 9192 4711 7757 8842 8357 3900 4262 8060 1678 4081 8479 4997 4611 3943 4982 3359 3523 6439
27 519 2316 8675 8586 8588 9345 6652 6809 6956 2260 1364 2089 4264 5600 9442 813 1737 4190 5026 8050 9170 3343 6481 3126 6458 3545 5493
28 423 768 3208 2520 3068 9705 9450 4585 2585 9731 193 7381 5472 4323 1827 8016 6429 7299 5191 2317 8743 9540 2127 781 132 5811 1374 2138
20 2720 568 1512 6851 9806 5955 3732 6618 5782 3174 1551 4452 8039 5103 3194 952 6564 4442 5683 6226
25 5086 9411 5615 1530 4661 2881 9511 9138 5064 2599 1050 5675 4870 1457 8906 4340 45 9783 5972 7660 5613 7079 7597 4614 2450
27 474 6607 2512 3541 615 1863 8379 4756 7903 8007 1914 2644 7528 1444 3764 9762 5450 9978 5319 5177 4731 6847 8372 8137 9034 9069 4883
23 6831 7186 3891 6536 3036 380 8062 6909 6437 9321 6513 4876 6362 8052 5298 9903 8058 5560 6958 7720 44 4922 792
19 2883 9864 91 4347 4689 9800 9026 4712 4439 6578 7279 735 8356 3283 8043 6233 2073 9131 9891
28 5235 3693 7116 6786 502 5477 4139 8804 374 711 6641 7077 433 8361 5655 8930 3308 5271 7747 9302 5378 804 2823 8090 8392 8411 7559 9387
25 6466 1866 3148 3170 4194 2973 830 761 5409 5160 1930 8063 9072 6802 2124 3506 7106 5546 6773 192 6046 5664 6419 4841 980
26 6706 1269 7406 419 9947 6141 9127 2543 4068 7394 6042 2254 6704 9991 2674 4550 7541 9047 4468 7973 7781 7051 7918 573 7509 8091
21 1097 5598 3849 6202 9071 8412 6582 2444 6602 6033 723 7521 1413 2911 4513 2701 3046 9220 1456 8942 5731
20 4601 311 6537 6630 3845 9023 6414 2274 4370 8544 8496 8004 9295 574 1991 5033 7034 8461 7744 1615
21 3855 9626 8792 7196 8028 2729 4789 877 7598 9853 1505 2387 1807 4166 6406 9772 111 4768 7828 3856 5555
23 8310 2941 1170 513 1908 9819 8652 799 1424 9658 8077 3668 9096 8689 919 1957 2946 1497 9604 5623 4697 5333 143
18 563 1644 4532 320 2684 3136 9924 5329 2801 912 7317 1279 7822 4785 7426 4157 1242 9703
28 5335 4842 7088 892 284 9477 8882 9265 1521 5933 3672 6366 7286 1604 7536 3725 6726 2792 9293 5276 5195 6673 9177 7832 5930 5339 8013 7980
20 9707 5406 6502 1874 5250 6772 2431 1163 7578 7858 2229 7082 547 4765 1296 3563 4905 1894 6104 5439
24 3817 2559 4056 8158 2511 8338 2112 2480 4353 5380 9355 8813 7982 9565 7711 3392 5066 3548 5927 6107 932 7725 1732 4691
23 4948 1363 9464 9546 9394 8486 7045 8534 8745 6777 8844 9583 2075 6516 478 3486 8460 8130 6827 944 1210 495 8308
28 5324 2828 2026 4421 6186 3414 6133 2809 6921 9376 2279 4039 6215 7883 2950 1583 3201 5019 6846 1391 7583 7336 642 1484 7624 2638 2188 2499
25 9325 6160 4706 5189 8157 4657 241 6893 9151 8239 3907 742 4932 2636 7529 1916 2699 3142 968 7932 9437 5834 6294 1730 79
24 7956 8086 2536 2963 5771 3420 9037 2706 7764 9106 3534 1266 1493 7608 7923 3726 5527 4051 8828 2872 559 653 8569 8215
24 8708 6199 166 9282 4228 633 4888 9912 5256 9987 8590 1314 4804 8081 5261 7099 4480 7200 7736 3268 4188 2136 1225 7390
19 6403 5287 3623 2467 2383 688 6855 7187 6240 5081 7492 5640 5131 3581 139 5910 1643 4281 7214
26 3442 7612 8449 4815 1550 5678 7548 5426 4062 9574 639 4947 7179 8348 4722 2527 6852 3720 8234 8197 3415 8084 6612 7288 8222 1653
22 719 2673 1595 3044 2375 4443 3101 7605 3659 3784 6604 5085 4201 7658 9861 2218 8567 7888 2289 9716 2853 5460
17 187 6039 9784 2017 4360 1538 5156 4609 4562 988 2034 9493 7818 3447 1341 954 1552
23 6252 560 7515 1348 280 2 7440 4489 1999 5882 6171 6270 4342 6344 5422 3004 6841 9066 8142 3718 5676 6505 3084
20 8055 7428 4630 6645 9199 6491 5070 4087 4698 2093 3006 5186 6286 1818 788 6050 3405 411 2677 4695
22 1228 3196 2711 8462 6430 7019 4113 6451 3292 2084 2451 5483 9001 7754 413 5385 3676 6614 2494 2427 8267 2554
19 4536 1773 5516 1835 7595 7984 7415 4628 7009 6205 1316 1610 6313 5577 4995 2481 262 630 8594
25 4494 8458 2293 4826 2181 4643 3530 2548 8547 7791 3072 4739 3908 6880 8469 4381 5580 221 9200 5831 1851 304 6444 270 3745
13 9121 3752 931 7256 3502 404 4182 9280 6696 4180 5257 6490 1682
25 375 1794 8302 9087 69 2245 922 3477 7457 4293 8502 3443 2710 5614 7890 2416 7046 9812 5986 9551 9057 7084 3835 7577 1744
25 8728 7188 7451 655 8653 2919 2377 9238 6713 9150 2762 7397 4001 4919 7743 6178 1975 1103 2331 8781 3280 2698 2772 4192 3286
24 9207 9166 8425 2742 2036 2781 2797 6426 9790 2959 5862 4560 7294 5105 6408 6095 3661 5146 5787 5233 3010 4578 9782 5840
23 3090 4511 6942 266 4450 833 3722 8903 9902 3873 9945 1988 7505 6320 2242 2367 5917 2192 7151 1514 2785 4650 2529
24 2869 6485 1625 1527 210 2464 4063 3901 6885 4499 6908 1235 3395 8632 5965 7240 7473 9212 8589 3624 3256 4923 2029 9771
15 8773 5583 4979 8779 2712 5532 4708 2095 8764 7734 8387 3742 2133 3711 7641
23 5381 3176 9890 6903 5069 1263 6484 5569 947 7807 9718 96 5984 9479 5648 7354 604 8602 3001 5142 5607 4142 8685
28 8102 7129 9316 9926 4410 7246 4966 4130 2867 5386 9436 9400 5921 6299 8852 2570 6660 496 6619 7652 7538 7378 314 6070 4079 1085 4961 3274
26 4090 3697 6740 1843 6739 6305 6280 6279 2972 1470 8814 8268 4906 996 4526 2239 2483 1566 7396 5075 4229 3131 2855 9898 3081 2130
15 2384 7250 1017 5267 7872 3592 5585 1028 4032 654 8386 8218 6595 7038 2659
25 6381 4882 5060 5295 2577 9761 7456 5879 402 1394 4173 8498 2676 5670 1117 3935 3587 3683 673 4375 2259 7831 7238 7753 4778
22 4855 1384 1100 5507 2992 8575 7162 8506 4224 194 694 9233 5181 2343 2325 9379 1166 3015 1849 7368 8684 8897
25 5717 726 95 3542 4913 1660 1584 133 3139 6975 5729 2447 2884 2804 6234 8697 647 5206 6287 3977 6217 756 1905 3727 2508
19 4143 9291 7346 6857 6290 4093 3747 1165 8922 5484 2092 3056 6542 2962 1581 3853 6701 7192 7953
29 7040 2912 6329 8566 5686 1910 8176 691 7794 4667 2722 8750 8763 154 880 8383 7462 6511 7947 1234 1638 7184 5942 3505 299 1244 7283 2090 3569
20 9140 5649 7309 6333 6708 8545 5167 4850 4107 2700 1308 5564 3013 2616 1712 4859 7029 9955 1056 1858
17 549 7114 5332 7630 4852 5738 1525 765 2071 1899 4952 2226 8282 7824 7024 3223 9850
25 9409 1735 1323 8786 1777 2981 2272 582 4805 6308 1941 5341 7796 875 9758 9122 8754 9807 4357 1077 2258 2421 2579 9690 9776
23 2313 7889 7704 439 9557 7901 2240 7843 5486 6326 2414 2104 6385 9594 2546 7262 8224 7639 5073 3434 5470 2816 4600
25 9619 3655 842 8979 3066 5012 7364 8485 3851 4787 8918 1513 2856 7072 7062 3680 5943 2849 9587 6209 7165 6482 9399 5873 3984
24 7861 9820 4959 9503 4207 2686 5695 4195 7873 7614 3999 8656 7556 4597 4575 7195 1819 8242 4579 9697 1280 78 124 165
24 3629 6843 7020 9255 2305 1601 5241 6587 5356 7334 2153 8817 8672 1679 2403 7893 1317 5420 3481 5617 2933 3198 4212 4191
26 8758 172 7211 2930 3669 4147 3295 4248 9136 5565 4359 4529 5350 3118 9841 7755 8639 7545 1739 6936 2131 7052 1001 4341 3626 587
23 4873 1630 6924 718 7174 7135 8984 1104 8150 5704 9821 5106 7271 8819 6225 640 4963 3192 21 1379 1760 9211 5592
27 554 3276 4109 2904 5602 6526 9165 4227 3469 6821 1275 9237 6813 7047 8318 6906 6640 1904 2003 1268 4067 1661 2310 7371 2824 8036 6136
18 3030 5218 9685 5554 3105 1430 5437 5040 1037 5155 2896 5283 5 4438 1586 2373 7348 2628
23 5970 3409 5746 1010 8747 9737 4249 1681 112 863 1889 687 288 5805 2842 958 1517 9596 9808 4994 7593 8778 307
25 3239 8213 1784 2006 3875 1491 1222 3366 7558 7691 6898 9462 2311 5343 8399 9678 9553 2088 8829 5754 8663 5778 5068 6869 8717
25 5868 1227 3579 2605 2639 832 9617 3746 715 9823 5305 5958 9185 5479 905 1590 63 6754 1321 2767 6460 5122 7702 5354 8053
21 2695 9090 3557 4205 1412 8401 2241 2319 6102 1053 3137 9748 6276 429 3800 8608 3465 3206 8526 9350 9885
28 8962 1605 3029 6836 9104 4376 9497 2415 3710 1871 2501 732 214 8512 5498 6886 9995 4086 9529 4797 6028 9527 6176 9635 6624 2363 7539 8178
23 4525 4208 8328 8637 1272 6985 9262 3326 9478 7384 8431 2299 8992 9754 9919 5053 8264 6281 5022 8405 1249 3525 8333
22 7864 2681 435 5783 348 6657 2315 680 3748 3682 2642 9825 6866 4368 8757 5643 3175 4620 4000 4337 5407 8371
22 7877 7709 8040 6316 9751 1256 8505 4426 9103 9183 6859 3361 6134 1814 5947 9607 2970 1445 8860 4075 5373 5877
25 372 1883 3596 4255 9289 9364 377 9160 4770 9539 155 9593 8164 449 9029 8525 1059 2943 1798 3920 6079 1764 1174 4755 8612
18 6912 2885 6848 8960 3141 3266 34 7871 7817 94 7908 5164 776 3728 2113 1164 7242 4363
13 3167 2418 6274 3568 5357 7892 937 149 5806 5118 4735 9339 2770
17 1406 4467 9043 6897 2398 1945 4263 5482 6951 7786 9040 8095 4284 7295 7979 2223 86
21 583 9011 8791 2207 7941 1433 278 9079 7699 3521 4238 261 503 9741 8790 625 5591 7126 6229 1258 4348
25 5934 4475 5034 9144 6340 7191 9272 1831 5340 4878 6061 1541 1423 346 5374 891 8005 2726 6037 8647 1295 5051 3302 1740 9599
16 2738 8274 1206 8830 1870 8127 3446 6376 2102 4639 5487 2619 3942 9154 4844 3536
22 6965 8323 5285 9743 7232 4485 3482 2220 4939 2715 7353 1591 4415 1464 5722 3706 8904 9124 4418 4240 3595 6124
27 7398 2426 8309 3966 146 3393 6865 8988 1741 5981 9548 6036 4362 8067 1058 6130 5128 9994 2091 5392 9369 8166 5270 5718 5775 8925 2224
23 1040 2143 212 2787 7448 1211 1299 2835 2596 2632 701 5183 1650 8074 2350 2572 4454 6017 2101 1793 6306 298 7844
23 4387 6058 8187 2105 403 1062 3466 4718 9917 3299 4512 7145 2565 3372 8936 9230 7560 9862 8249 5162 56 7257 2269
22 9406 3384 5920 6647 1282 4266 9407 6970 5309 4521 5651 4234 6733 7727 684 1334 4422 6535 1074 1928 9756 7343
21 2020 9473 4088 3807 1369 5014 2648 9785 90 3919 6264 884 2168 4294 5594 3653 6105 5462 1890 6769 9865
23 2015 849 9273 9641 897 7967 7502 4044 6442 2990 7848 50 1854 4773 9094 2995 110 4333 7303 6295 5435 4239 9196
22 8698 9452 8198 1500 5263 1250 5847 7894 4125 3470 512 8312 7510 3962 1420 4073 6530 1214 264 5637 722 5077
25 5808 6409 2140 4664 3974 2397 4014 689 3893 260 3912 7698 8725 9506 2997 9634 3499 3707 1016 4998 855 140 8089 1976 204
19 3147 3986 8748 510 7466 1342 2404 7715 3582 3008 4928 9148 2035 5657 983 1701 7175 1437 5065
25 6767 7846 248 802 7434 66 4872 4594 9694 6605 8917 1371 105 4590 335 4505 363 4283 7480 2775 6391 5570 8839 6339 6768
27 9313 3138 8464 4481 6871 9481 3798 6751 9361 2116 6608 8200 8065 8032 9908 101 75 9953 9773 3335 2227 4783 859 9931 1507 6193 1510
24 957 1994 7323 5539 1553 8953 9881 8326 8284 3404 8027 3473 2012 9108 6894 8358 4498 637 7669 9431 2905 2148 4726 144
19 4673 665 9341 3205 7080 7296 7298 6552 4278 5909 3187 1933 9455 8974 1611 652 7869 421 2876
22 9744 3325 7808 8373 5391 5627 6560 5004 9353 8476 9222 2043 1468 4462 281 4403 783 9115 3356 7437 1575 406
20 5535 9696 9182 3721 4331 8257 8952 6059 1217 8359 5136 253 2510 2549 8240 6489 1238 3959 2750 3780
17 5300 4586 1002 1861 8601 5552 7531 2413 7653 5807 1448 2222 3868 3330 1488 8508 4900
26 6877 1221 7787 1884 1738 5001 5188 6085 2213 6655 969 3339 2309 3846 917 3823 6928 6551 2282 4612 1133 2895 5431 3702 9099 5434
25 245 4875 6842 8042 7840 3904 1330 6699 8492 7735 4036 3045 2687 2808 7745 9285 1401 9091 7012 4581 9998 9358 4820 8837 8124
19 9495 5711 646 5400 6566 3454 4942 9080 2768 2859 8857 1765 5327 4183 436 1703 631 8528 4556
21 8965 5904 678 7935 1603 8665 7805 2991 2923 4738 1270 2522 6211 8765 2679 5119 4771 5499 7851 1848 4531
22 9286 8940 7535 2270 7267 7570 9630 3847 5036 591 9320 2434 551 5945 9492 7247 2707 3235 4288 1901 9615 2851
21 5636 6473 2352 141 2556 8620 928 3756 7638 989 6129 2400 3062 4674 6781 8320 2725 1141 9977 3456 9637
23 1326 2551 843 4496 5658 4874 8129 3331 8961 9480 7797 5863 890 6303 7328 1337 5752 4517 3642 6545 8196 7264 2862
26 1970 164 5799 9684 7150 9000 3992 4388 1886 7273 8673 2438 9725 7547 7895 2440 5786 5389 4633 1665 7803 1654 5889 603 3035 840
21 3990 9830 6749 2442 3993 6013 1048 5709 6722 9225 7285 3345 2852 6774 815 2378 974 2024 5215 9253 3337
20 29 661 1997 9738 6967 6946 9789 2021 1629 9682 4748 1535 3610 1832 1782 2811 8015 2637 2454 8365
21 1560 9402 4867 9002 7916 461 3862 3765 1199 4682 4217 1776 8231 4373 3011 3419 3957 3113 8454 2358 9206
26 9563 3249 7512 5996 6012 6729 993 459 7078 3556 3 22 9077 8593 1671 9844 2364 1780 6525 4551 4956 7337 8690 2493 2820 8939
22 6689 6649 8713 3833 9537 3793 5009 2568 4566 2498 6298 2584 1885 2506 7945 6972 7225 5178 1486 3098 26 9178
21 4078 3311 730 1755 4709 6850 1840 774 4135 8297 9742 9788 5288 4707 4463 7023 7300 7977 764 562 5398
19 6663 9128 4836 1721 8182 4777 1042 9602 7222 2587 3508 6454 3822 5740 4573 5867 401 3911 5030
26 6541 7687 4223 493 1729 660 8806 5764 4685 8291 686 7924 8811 1850 1298 9534 1753 2655 2965 6598 5419 1161 648 2886 5438 7676
25 4788 1113 8892 8434 9769 7628 1232 4300 7301 4937 6548 537 6996 4651 7006 9456 7966 3096 3634 287 6899 2011 651 7836 1718
24 5304 1407 8629 7255 4656 7203 2790 4832 6462 1761 1065 7856 8459 9598 4211 367 9893 1940 8183 8522 4916 4311 6935 4803
26 1833 902 5712 2952 3775 4696 949 8033 2281 4204 6648 3351 387 4503 1432 1960 1229 6386 6144 3983 5207 8707 1614 1043 8775 3125
20 2008 1414 8376 4717 5292 9547 8471 4026 9242 4053 1608 1675 6510 5328 2050 8452 6145 1570 888 1694
23 4260 9109 6969 5082 3839 2206 2513 3574 9816 5502 1989 3368 6785 6561 620 351 7031 9059 9438 7221 1380 4122 8120
20 8290 8521 6523 9645 4965 1981 5537 5268 9055 4144 3598 2396 6236 5703 5316 7436 1360 5788 3871 8171
19 6031 4615 9836 987 5692 8470 7588 3213 4409 5430 5638 793 9689 2779 4287 1262 441 4747 1708
25 5213 8021 8346 9702 9981 7010 6907 5210 5715 2694 907 1531 2561 3472 153 4222 5429 4660 4019 5773 7946 8507 5784 3950 2606
24 5359 9845 6173 2187 1110 9632 4209 399 1471 3997 9027 3841 9408 634 6309 4152 1759 6653 2027 2094 3652 9552 336 8216
25 2641 9595 8902 846 2180 494 4117 4690 5023 1286 8294 3247 8353 7582 1632 5259 407 9074 7785 9521 3423 466 5117 6112 8885
19 9679 5902 2297 7164 1702 7552 2850 8549 8721 5421 5396 8911 8344 7431 1144 6214 7044 1153 5449
24 5881 4781 1697 5663 6966 5279 9054 2228 7220 2854 6556 9490 1179 754 5801 4571 9422 2889 8172 5781 1506 8165 3298 1594
21 713 8848 7097 9276 4213 2989 2670 8833 412 9870 1688 1239 7775 3759 8769 1490 4230 8880 2922 8625 8910
27 8878 4666 1046 1942 9859 7389 6806 2504 887 542 2086 7998 9571 4915 6658 5681 5338 3878 9905 2966 197 3932 2730 7358 8907 7681 2914
25 7117 4807 6356 6814 876 2846 4394 991 3973 2766 8749 2065 771 1382 5448 4975 8427 7607 6651 5489 2592 1095 3897 4095 3378
14 5369 9349 6793 4012 309 9315 5755 5747 331 184 1925 7087 2069 2251
22 3779 3615 6580 2652 2898 1264 8688 1307 3915 9687 3639 5496 7443 2945 4514 3300 1049 960 8180 5797 488 207
21 7224 9628 2967 6538 8876 8038 83 3416 2558 531 3650 6416 6683 434 6146 7806 1820 2689 5812 3158 9354
20 4537 168 5888 9065 8667 1598 8334 4335 4477 8289 186 4389 3810 9979 7127 1180 246 2795 5618 4865
24 3334 2261 671 6247 1248 5163 9333 9709 2109 1072 6755 2183 1069 1405 9688 1283 597 2067 5820 4151 8658 9558 9448 5988
26 4200 1223 1723 8194 1415 9611 8193 1255 4988 4675 5220 4634 3968 7599 7128 5165 4618 3348 3597 3186 2719 1683 1462 504 7917 4305
21 7156 1142 6984 8854 5994 1692 9734 1668 536 9880 5255 9780 14 5469 5418 4564 4862 3140 611 3153 9465
22 739 7574 3453 2802 8800 4784 9300 561 9444 2633 7635 8125 3918 9946 6728 6204 5789 7859 2469 7898 7304 955
22 4546 3050 506 9576 5405 2174 6345 2938 7626 3967 2557 4730 9386 6838 5379 6352 8092 2763 752 7518 2155 532
14 741 1192 2826 7486 4974 4754 3171 6878 8398 4680 3455 4378 4488 6246
25 5237 2399 4869 7209 5457 3621 3799 624 9867 6243 5733 4486 8746 334 6810 6892 2422 4692 6992 3002 2219 2389 9201 9940 9726
24 6884 4863 9712 8595 5995 4406 1747 7726 8695 839 1918 2796 7142 3399 6436 3896 9542 7530 6358 1147 9781 2563 3820 913
9 7468 5384 3628 4668 1969 1259 7718 9119 3427
22 2327 6752 6634 708 7316 4121 7194 1911 9208 1707 7387 80 8732 7280 5634 7074 6423 3254 3189 2334 4908 131
25 9752 8840 1332 2657 1580 3663 2954 365 8624 5032 5005 4343 4629 7798 6082 3834 2087 6954 7839 6553 538 3837 4057 5190 9766
20 7792 9485 2982 7245 8272 5684 6181 6862 3808 5166 3428 4565 2690 1108 5284 609 1526 322 4474 2322
23 7580 6818 8973 1700 9950 1392 7205 8933 5052 6478 3763 4800 5199 2406 2496 2405 9279 5768 9745 1333 4501 8611 8375
26 8520 5377 7686 4986 674 3754 2179 3216 8481 9612 8428 2535 9337 9863 2757 3955 6599 7544 2545 4458 8006 4215 566 9312 644 1254
11 8227 3906 2013 2194 8151 598 2490 7481 3099 418 8163
24 1637 128 5182 1102 5557 1639 1012 4992 8646 8034 8504 5639 87 426 9959 3980 4456 1607 8859 7244 1641 2873 8802 1173
24 3651 5757 507 7811 4924 9330 6940 1302 6006 8524 5228 5642 4912 9085 6937 8474 9149 5938 6435 8986 4165 1290 1149 7997
19 55 6493 7372 9735 990 1004 9474 4358 3532 7680 369 3852 167 5185 3452 6611 9413 2196 8364
23 8783 8823 4602 5433 6672 7857 3474 3593 7028 7637 11 814 7125 5761 7497 6684 6779 3485 1172 525 5202 1083 7281
24 6633 2975 7602 2235 3370 4749 2320 8266 9810 4163 52 1724 5911 4899 1853 1188 6072 9173 5290 3234 1014 1205 1128 1642
21 7561 1564 3885 313 709 9284 9328 5559 2955 6540 6904 1769 2004 3960 8834 7520 259 6335 393 9088 899
26 5245 9045 7172 4245 9158 7066 9167 6415 6824 5481 9704 6219 1151 6047 1167 1124 8317 4146 7419 2005 5109 9669 522 8467 9849 9956
20 6198 1803 857 8450 3550 8650 3829 8403 8252 2420 9655 9582 6427 581 8997 4010 9818 3576 7410 231
20 5425 8766 354 254 8148 1756 7879 5307 5763 6267 2860 3379 6443 6394 9501 1990 7310 3956 6417 5423
15 6168 9030 7444 1977 2471 4110 8577 9911 8741 7478 9193 6177 7251 5078 7964
17 8640 3773 4048 9089 6719 740 2948 3027 7875 1649 8068 4114 9984 1 4252 2139 2487
22 2928 1276 7380 5803 6367 5700 6378 4523 2984 9440 5428 1606 9218 9008 5645 8141 3787 1404 7566 6400 5454 4445
22 5466 9815 9180 2355 8827 5394 6156 6116 5347 2741 7921 8116 9584 8822 6720 1183 8931 7540 7670 4218 3630 6700
20 7463 2748 8207 1634 1676 3278 3751 6581 127 7435 7838 6106 1621 7412 1877 1476 5095 4339 3503 9938
16 7401 5818 3073 6392 4652 3729 4472 848 1063 3594 5062 5247 8724 5876 3850 6080
15 7013 1320 3570 4100 7003 9240 8537 2630 2433 5673 4295 2255 8887 8423 1191
11 8774 6879 7926 2359 5321 8565 9660 2612 4728 7152 4918
22 1838 5816 7882 1523 8407 3271 5872 2580 7037 7425 1924 5196 4621 5905 539 7385 9486 9383 4626 2819 7625 2185
21 1013 9613 4605 8263 6930 3476 7587 7927 657 217 5107 4547 8325 5785 8935 7073 3248 8863 6573 5575 6278
12 2061 7804 6947 6622 6092 2474 1983 3497 731 8638 5987 7039
23 780 5662 9809 2121 6963 1842 3828 5180 9163 7292 767 8347 5277 2555 9181 9597 4670 7642 7526 2249 3237 747 5647
24 2233 6455 5212 5620 415 6659 9482 2479 4060 1715 2732 9143 4845 3649 1130 3075 8045 6666 4745 3179 9032 5900 1089 3698
17 3826 7226 2751 4449 4106 7782 7291 1926 9755 1572 4701 430 3115 8169 2953 5269 757
18 8915 3666 3054 2969 1532 7383 2769 600 2759 4943 2643 4896 8076 4216 371 6289 1966 4671
22 8739 3475 9620 8615 1443 2477 7793 1396 7403 9896 2040 9435 8851 9672 3832 386 834 2443 2728 5148 6616 4757
21 5743 98 607 39 2248 5092 3494 7363 1458 1461 5793 2381 2333 9318 9643 6468 7801 5494 8554 7302 7623
21 6815 4404 8035 3785 9980 1907 7277 6081 2837 5016 3191 9161 2524 777 7132 2437 3670 5401 1623 3484 6010
25 3160 5777 2167 2927 2482 2126 8981 5941 4802 8883 5094 4903 6681 1651 6325 3178 6166 9189 5924 6317 2347 7089 3863 1076 2238
20 4877 3866 3220 2171 3173 4840 2526 1612 484 1499 819 517 8307 2518 3242 534 7776 9580 5978 5561
26 2523 4285 982 9475 4119 8413 7546 9879 4038 1203 3553 9244 7729 6346 9618 7030 2739 2749 8442 9958 8966 6895 8941 6667 452 8865
13 697 8816 7464 7153 3916 2478 8014 2394 341 9307 329 9488 8501
20 6360 6615 2900 1453 6832 865 2246 4985 8562 3432 2832 5556 3315 9434 1859 2349 5735 556 1829 7739
19 3430 7874 9116 7342 6161 7407 9985 5452 4470 4351 2500 5518 3071 9269 5912 2595 1865 5850 3886
16 3362 8437 6905 4164 4407 1034 4881 350 1673 7850 885 4459 9384 7268 3413 4392
26 1251 6125 2663 4099 4819 1431 9884 5519 8105 7643 7746 1684 8807 7728 7961 6646 7439 4934 8041 5355 9494 4118 59 5110 8712 9439
19 5491 4196 2216 1693 1081 9264 5317 6593 5133 106 8841 8886 3996 2925 8341 205 8132 4210 784
15 2079 1489 3403 4705 3636 9249 6184 9949 6543 3336 9338 2594 8532 1726 9472
22 1734 2118 7876 9171 9897 9388 1198 3843 2345 6883 7865 5635 3438 4322 2705 42 9798 3449 6555 9257 4898 8980
30 3640 5500 5566 6498 2304 2115 3450 4617 9983 6375 3673 256 4892 3391 6707 3913 1979 6854 7421 7488 2915 7995 9746 927 3019 1919 4723 8738 9932 8964
20 6670 8420 5112 9586 8368 751 3952 272 5656 7750 1098 1695 2533 9518 1361 460 4567 3214 1751 1293
23 4495 7891 3119 5043 4274 8843 5835 1767 6357 1501 4330 4920 544 6727 1789 6055 3981 7332 8061 6351 6448 8753 4018
24 9463 4558 8768 292 5603 7830 6475 4830 9447 4123 9275 7925 9155 8655 9428 6447 4174 3520 5814 9791 1277 8269 3931 9993
24 2074 6825 2515 8237 7987 2374 862 3232 9975 1727 6038 9951 5139 4543 9142 123 9957 4684 1116 1036 16 3387 6792 3922
18 6662 7355 7534 2834 3590 4187 2452 9491 5526 9064 6791 6617 9883 3301 6445 8443 7696 9476
12 7325 7671 4444 6140 9248 2727 8082 8561 8345 2307 1425 6364
26 5161 9543 3921 475 7043 7770 8760 3221 1145 2205 1310 9363 7411 5315 5966 2906 1029 3577 5349 681 3070 5956 5170 9271 3703 7767
22 4583 7379 3685 8099 1352 9441 6863 9944 946 972 2150 8388 2137 6823 5770 238 4864 7845 9656 7068 1322 5874
13 6321 2977 9009 3948 4638 7470 115 3385 2204 129 3558 3350 6073
25 5885 9487 8831 908 8160 4587 4219 6064 8987 9828 3963 4096 4055 7897 9989 4169 2553 1329 8305 1487 3591 7667 6828 6693 1892
20 8395 1689 2338 3169 5514 8659 5453 6743 8705 1154 8662 8687 5099 9621 6034 3102 5980 6035 6509 7181
23 9046 1873 5837 7769 6910 3894 3701 3263 7351 8220 4762 9822 9858 2201 4464 3165 7514 6577 6187 9389 265 1663 3971
21 8731 3991 7193 9923 353 1716 4314 3645 5027 81 1508 9872 5383 8649 9445 5830 6501 6589 9301 4492 8654
28 3149 7810 5017 4938 9710 8970 8820 3269 3776 2960 6747 6137 8250 5154 4016 5114 3909 162 6328 1099 3660 5345 570 8626 4977 3322 5037 4203
22 7109 3740 7912 8617 7724 1791 202 8209 318 6680 1596 6486 8881 1533 5796 6396 3998 5368 3898 6676 8235 391
24 9847 9920 3566 6896 8300 8296 4921 6283 4221 800 4033 1640 7352 6056 7942 8771 8985 2262 3290 8369 1354 605 1801 6507
13 7347 8493 2793 5260 3874 9856 5258 4082 6830 8327 3417 2936 3781
22 4066 3092 5756 6584 4636 4085 612 5083 2640 6446 3738 515 1775 785 9324 2721 4837 8734 360 8083 5150 9398
16 8670 3496 6714 584 6109 7124 2189 6157 40 4518 4752 7402 9747 6675 8497 2408
27 5860 6208 7208 3181 9566 3811 4584 7276 3714 178 1985 7060 9892 7695 4999 7819 3554 3100 5326 6943 4316 9308 6500 3662 160 9875 9334
18 3608 5352 6253 8049 2611 6682 356 2708 8759 9699 2339 9086 5846 8592 3609 7189 9568 7537
21 6159 2132 6480 2314 5567 9229 1686 5864 9348 4694 6235 4533 6174 1964 8678 5096 5506 1400 7405 7969 9606
19 5769 5699 8079 881 2525 9882 9298 4043 379 1119 569 5739 614 5056 7413 9076 7100 5111 5432
16 3708 7610 1876 6389 5694 4569 2567 5488 7592 7886 5772 2624 4134 188 936 8900
17 6021 3789 4879 3691 4561 3319 4880 7949 152 3757 6297 5168 3515 9843 4447 1007 5147
23 7119 7567 1685 6762 1872 2031 9132 4326 7455 2667 2956 7907 4371 8241 7076 3293 9245 440 7800 6086 7758 3927 4951
21 6450 6550 529 4944 938 5411 5929 2417 1875 8335 5992 6077 6557 6347 5822 3519 7170 4015 6999 7105 7290
18 9631 5892 2077 645 7513 636 6245 6953 8003 500 4893 8475 1666 3296 9147 9663 108 3771
25 1005 3199 2250 1324 4699 9496 6674 5101 2680 5140 8511 9368 9073 717 8752 7644 9877 5242 5741 6057 8409 6388 8877 6964 6944
21 8179 4703 4141 6078 9263 6197 249 4539 5824 9403 1519 4576 4524 243 5550 1152 420 4236 4751 2650 3914
21 2324 3104 9382 2937 3524 5021 7665 7737 6629 7749 3429 2560 8692 3881 7155 7265 8355 236 1187 4967 3890
21 9633 2382 4555 1455 5123 275 267 3439 7971 4824 5061 4809 9342 5823 7027 736 1274 2097 3132 9404 729
11 5991 71 4572 7388 4672 1127 4631 2604 8972 9005 2114
21 8447 6029 9871 2799 9209 3648 1051 9556 9357 1325 3501 3813 9899 1265 5590 7275 2370 255 6725 4320 4700
21 3601 47 6196 7636 4270 6808 2178 2875 4098 4851 929 1477 5097 7815 5621 787 5630 3872 759 8777 7487
24 8477 2455 4953 7278 2395 8214 8440 3924 6179 9941 2740 676 2256 3145 5572 7853 2195 8919 8295 1952 6931 1622 480 4729
19 6002 7799 1949 2291 7829 1709 1338 7167 5372 6469 2944 9708 2685 9873 9266 9664 8468 3275 7035
16 2335 3381 4746 4482 895 6671 6790 8805 7056 7719 1454 7261 8002 1574 60 3458
22 3510 4782 5815 3867 6643 6925 2882 279 6380 9460 339 9943 9535 6183 7930 7517 366 8888 7112 925 971 2170
21 7929 8277 4003 8609 5008 3007 8926 8293 2765 7498 8170 1331 6075 5898 6594 18 2666 4732 3048 623 9311
24 4170 951 6638 6062 8798 3667 5959 8909 5952 801 8136 2817 6778 7330 7944 4290 7571 7096 5897 1906 1011 5474 9967 2488
18 5990 8573 9657 4854 382 3949 6678 2142 1690 2268 1370 7339 8679 9624 8206 5322 1092 5412
7 9191 2718 7854 8946 2550 831 3857
25 9187 8073 4940 6989 5045 5451 2468 2122 5074 930 8177 7730 4902 3437 1417 703 9730 4740 9385 6495 2460 9010 7863 1156 7589
16 315 1655 2600 1146 1416 8977 7447 9017 9470 2723 5595 3040 1846 3684 8808 7756
23 6961 8715 3512 1587 8324 4045 6268 1393 5323 4007 9498 9724 4430 8954 8494 8390 1554 3297 3864 8998 3687 5138 9887
17 4150 2424 3424 4720 3783 1319 9933 509 7841 915 860 3641 5687 5463 7 8818 8152
24 864 7102 7922 8259 396 4046 1045 8550 6203 8542 578 6763 6043 9686 2918 6508 8315 8256 189 2080 4267 4925 5127 8674
21 5971 3396 8682 6512 7812 352 3657 9652 5169 586 5734 9575 9083 3674 6688 8270 8473 8162 9126 7842 7833
25 9283 7064 1024 3317 9640 9190 3802 2386 8510 6331 7627 5880 6262 8254 9062 5529 7511 8846 6948 1383 9331 2010 2361 9443 6702
22 7287 448 4318 5838 8610 6164 8339 8419 6974 3163 7651 4280 9848 1126 4427 7604 4504 4926 2318 4817 8046 7133
14 8184 9763 7500 5249 9605 1971 985 4265 1696 163 6782 5266 479 12
15 2429 3947 6474 4990 8990 7197 7361 310 628 5568 6411 9961 1720 6911 4298
19 1353 6200 1245 8094 9228 2128 4595 3547 2156 3397 6692 4004 4235 1289 3700 6005 8891 6227 5544
22 2791 5540 2731 8951 5679 1879 4356 10 3354 235 8010 2340 2994 7780 4534 4598 5320 8515 3244 274 13 8304
21 5710 3462 3108 9681 9070 4884 5219 5701 1921 4798 7021 8244 5851 558 850 959 6014 6959 6955 7185 3063
24 4008 1121 8285 6503 161 4384 2164 2547 9392 9234 4608 1947 6488 8627 2466 5843 3195 4589 8845 5750 6007 7136 5485 4577
23 5875 3490 4035 1355 6597 4159 6882 290 7231 3930 7914 5211 7674 8742 4461 8604 2290 8354 5762 592 6154 7338 3097
19 6529 3989 35 9033 3451 7014 4857 6312 3211 5908 2263 1946 6945 3917 9966 9895 7202 6690 5960
21 150 4396 8298 458 7867 2745 871 9706 8928 215 1781 7137 4386 8871 2162 2978 8281 301 4479 5410 4108
6 8967 9231 7233 257 1107 1680
25 6255 6000 1902 9195 8560 5702 1429 2613 7679 8976 8916 3082 8415 3022 4155 6554 5100 7646 4950 6015 6045 3369 1091 3730 9749
27 7180 7666 6764 5291 4344 1297 2831 3231 847 2173 2341 8937 3599 5088 5725 340 1548 1618 7821 8676 5989 3716 7485 5551 2257 2521 7215
25 7000 1667 1294 6163 716 7392 782 9420 1181 9894 9366 7130 1197 1071 7199 4487 2336 5468 9653 1786 9145 7054 3000 8199 7002
20 2537 3583 8188 886 2958 7501 6223 6319 286 6938 3768 5330 5000 6301 7032 5685 1624 7160 526 635
21 1252 572 5579 9288 1504 8446 3135 1169 5999 9322 5610 9235 8288 2621 33 2647 8756 5203 7382 1788 8633
17 9925 8108 806 5951 7063 7777 8706 9516 5612 5767 4541 9942 6522 6978 6314 5399 1958
22 4154 5351 4806 2776 4256 230 2264 4828 442 2901 4198 5427 2473 6679 3034 8186 201 2827 1936 2858 6330 8123
12 5698 9297 4411 8875 7919 344 9343 1648 4808 9676 2032 2764
10 2176 7940 3258 4715 5223 3304 2879 9351 1446 7606
25 2782 3879 6407 7143 9889 699 9419 2362 1516 4613 670 2037 6532 6091 3079 1754 2503 3561 7721 3769 8751 7978 7138 973 5311
26 9246 7870 7847 1537 9082 9012 7210 7007 7564 151 5558 9110 5313 8584 6282 2485 2789 5216 2575 3995 8286 3250 2182 3287 579 746
10 7716 3774 5608 727 9197 7216 6310 1882 4273 3903
13 199 1963 1529 1421 8051 5353 4681 940 289 8683 5395 7201 410
25 601 9100 244 5915 1466 3210 2407 6856 2160 5511 3818 1075 2295 3777 6117 9713 7584 7981 2046 6401 5302 9644 3431 6770 5538
20 935 3970 4834 4623 816 7169 3328 7091 1539 2068 2841 8416 467 789 134 2894 5098 2280 5331 1202
21 409 6261 2979 7176 967 5301 4137 2947 698 589 7367 2186 9562 2458 5928 3923 2608 1938 2868 2746 7603
24 9052 1186 8785 74 4714 6756 120 4101 4786 524 6712 116 9833 7139 9500 8491 4721 9659 1748 6621 8126 361 9525 4641
20 6128 6927 4744 6155 7562 7414 6292 4858 1790 693 8366 8248 2514 427 1795 7591 5696 5524 8012 4416
21 8020 4246 4050 2000 2330 9570 8410 1168 5041 3421 6829 9092 9232 5102 1915 8702 3109 291 4364 5461 5459
22 6900 9813 1518 4024 7762 5792 979 7508 126 1474 4890 9375 5303 7620 9524 3806 5925 1219 312 3031 9591 4936
22 7140 5214 7085 1106 5238 137 6272 2861 8576 4400 2903 5007 3353 4076 4436 7970 6373 7484 8110 8221 5456 5414
21 580 4352 7370 1008 4635 8029 2209 2041 3127 8963 6459 1787 3078 9098 6697 4774 8066 7121 3719 5776 2878
26 2589 1177 1201 8421 7344 4776 9837 5031 2645 7149 8316 6167 8258 1485 6798 2607 121 9261 135 2388 5732 619 7218 4069 2617 4972
10 7227 984 3144 7377 743 324 8451 1982 3440 8174
22 1030 5957 7663 9424 6009 5382 357 924 4871 5080 696 6103 2215 8536 9802 5521 6588 1824 1772 1987 1080 9811
11 6263 2539 6771 1733 6716 2412 1836 2054 4419 2693 3819
25 5829 2470 2665 4105 9928 2653 2042 9962 7683 2023 177 3182 7542 453 5171 8568 8017 4172 4448 1822 2030 2103 7855 2002 8210
18 3461 2717 4930 5076 6669 1810 4092 714 3116 9471 6506 564 9174 8107 8755 6715 836 1452
24 1194 5240 3493 8101 3228 8093 8103 9458 817 4497 4259 8030 1450 1182 1260 1959 4632 1025 8114 1129 1158 4401 54 8131
26 2626 720 6425 9118 9972 425 1896 8938 2760 8645 3782 7177 7507 1175 7331 4552 2753 2489 5217 5229 3143 8455 7427 7722 5883 1823
19 541 5954 4520 2756 5310 7326 8362 2044 8969 1631 9588 9041 4548 7359 6464 5363 748 6872 4186
24 477 2230 482 6703 7682 7629 8796 1647 4250 7274 3154 2780 7090 6353 6382 7634 213 8495 1096 416 9365 1347 6687 8377
22 457 5054 85 7633 4493 5622 7516 6192 7260 4710 1368 6861 3761 6180 6590 6114 7345 7788 6576 1093 7168 8797
12 6745 3338 7732 643 1143 4175 1847 9210 424 5416 8232 20
23 5748 7312 4645 867 3940 2033 6932 692 9701 514 3085 2462 7532 1934 2199 9502 3567 9423 3627 3383 8538 4640 901
23 1524 4957 4607 3261 5375 1937 1561 5650 6359 733 7689 37 9081 7071 2980 2807 1811 5346 4303 9764 5149 1577 9013
17 499 332 4074 1770 4582 1253 7033 3241 8117 7765 5126 8097 3407 9639 9243 2210 6533
24 2714 498 5495 2857 4372 2505 2957 6068 7648 5878 874 319 7327 2154 8958 3982 3183 7672 103 7144 8619 8202 8971 7611
21 8548 5626 3433 9075 8835 3905 2076 2602 4734 4433 3061 3365 3058 276 745 5759 595 8809 4251 9661 5264
19 5393 873 1365 6609 518 1459 3060 8600 5151 3355 8096 3303 7752 2301 9217 51 3902 6084 8861
15 9405 7575 25 6926 9381 8598 1792 9590 9007 9239 3671 4484 5894 5791 9876
24 8950 1852 9804 3117 3307 6567 5708 3498 608 3406 1857 9572 2931 1463 3895 198 2344 6796 8574 4231 9775 9971 7708 5010
21 3578 5124 5858 659 6737 8872 8516 567 1388 6431 3018 4102 5940 4009 3441 4737 4971 8677 3884 182 4277
25 8426 7446 4291 9410 3717 4658 9963 2921 8603 1328 9247 808 2051 3575 909 9113 4853 588 8393 3226 3600 3681 3305 662 4005
7 9449 8071 362 5774 5274 3464 5961
14 1105 1496 1023 7113 5365 7297 4945 3734 1483 7976 9577 3087 5588 4861
10 4758 5983 8394 3854 1292 3318 6867 5918 1035 6750
23 6420 5158 8597 326 3865 9832 7081 821 7849 4989 9299 67 6572 5660 4202 8436 6787 470 1435 2197 6991 9922 325
25 4058 8932 9666 5120 8173 933 1218 1779 6800 8691 2874 3121 130 9268 2045 118 7248 227 4025 9006 1893 5604 1195 8280 2968
23 9795 4366 658 5222 9636 9018 3796 5314 6776 490 4535 1171 7449 4627 4917 4856 3150 9373 3658 7095 8623 2175 6766
21 428 3565 9179 6213 5541 7933 8159 5962 2495 3750 5963 125 72 6083 6868 1582 5893 8389 8641 1704 3978
15 7236 3193 2461 4440 6336 2810 6483 4084 2379 4061 1155 5625 7315 5587 9533
25 3083 7579 7282 6413 1768 3842 5006 2713 5116 6452 2052 6094 6709 3815 2459 1389 53 2369 6256 6049 323 5011 8540 3033 966
29 3459 6563 8273 826 1436 9948 9799 5050 3114 1233 97 3323 6705 330 7939 9592 5795 6027 1358 3801 4460 2692 1903 2929 3080 4719 6890 1288 5854
25 2942 1281 4686 1746 485 552 9101 9130 283 9135 546 6820 7178 7016 6801 2534 4434 9427 3240 6661 9168 8613 9250 4178 1825
7 306 712 4451 9700 5512 6524 1336
22 2635 5366 7631 8546 5619 5804 1714 695 3736 3282 1749 347 9204 9415 7596 6592 5609 8714 7416 3613 9719 1120
22 1804 6601 8761 2702 7503 6251 2360 9378 4397 508 894 9028 6949 6374 4946 3074 1895 2144 3522 7590 1549 758
16 2649 5584 1460 2198 596 408 8599 4148 17 1797 1397 1419 3273 8299 5286 9499
25 4297 9457 5593 5674 7474 8228 543 7101 8115 7461 7018 8621 8400 9855 7852 3217 2733 3882 333 5949 6315 2409 5884 1403 2658
22 3038 3124 2771 9874 3731 5134 7086 889 8432 9835 3511 3152 4453 8914 4312 5397 3376 755 4753 1659 9309 8874
22 5187 4405 1955 3946 3910 1891 2025 7790 3689 5039 3306 861 9051 2985 6732 6691 4261 4554 6586 9203 4393 3069
18 965 2916 5690 4624 1860 516 5582 8793 4625 7866 9727 2392 2283 2022 6760 7083 9129 5597
13 9649 5371 1236 1094 4647 4132 3151 2734 858 8322 811 3076 1658
24 2899 7668 2497 6422 2247 8991 285 5042 5534 6089 7960 5221 8513 9356 6668 191 294 171 2629 2371 7723 5175 1540 1619
24 622 2754 6066 252 2323 5632 883 5724 8772 7549 5810 8668 9964 7675 3695 1351 5115 1953 5832 2821 8352 296 5542 4766
23 5503 6398 9512 4441 5779 1509 4491 4064 481 7479 4244 9665 5336 5993 46 9973 9826 5845 5936 571 4678 4129 9390
24 3938 1913 5913 3049 2924 2401 8564 7259 6277 5852 4299 3215 1567 1068 8472 2425 8849 6759 9674 8336 4425 1950 3934 5273
23 4029 6741 209 5844 2119 219 2048 8018 7573 4775 9416 6636 9647 4960 2057 6231 9683 7400 185 2747 6230 8201 8301
20 8189 3537 1628 8530 7662 397 3602 3212 7761 8360 4964 5278 803 8661 7659 3106 1398 6065 8704 7826
18 4764 9159 6558 9469 8995 7778 1428 3805 2646 6531 6363 8894 1073 4237 2583 2267 1118 107
